C:\Program Files (x86)\Microsoft Visual Studio\2019\Professional\MSBuild\Microsoft\VC\v160\Microsoft.CppBuild.targets(499,5): warning MSB8004: Output Directory does not end with a trailing slash.  This build instance will add the slash as it is required to allow proper evaluation of the Output Directory.
C:\Program Files (x86)\Microsoft Visual Studio\2019\Professional\MSBuild\Microsoft\VC\v160\Microsoft.CppBuild.targets(513,5): warning MSB8028: The intermediate directory (x64\Release\) contains files shared from another project (esp_softaim.vcxproj).  This can lead to incorrect clean and rebuild behavior.
  Assembling spoofcalls.asm...
cl : command line warning D9025: overriding '/sdl' with '/GS-'
  dllmain.cpp
  imgui.cpp
  imgui_draw.cpp
  imgui_impl_dx11.cpp
  MainFunctions.cpp
C:\Users\Android\Desktop\jfjfjfjr\AndroidUpdated\MainFunctions.cpp(40,15): warning C4244: 'initializing': conversion from 'int' to 'float', possible loss of data
C:\Users\Android\Desktop\jfjfjfjr\AndroidUpdated\MainFunctions.cpp(40,38): warning C4244: 'initializing': conversion from 'int' to 'float', possible loss of data
C:\Users\Android\Desktop\jfjfjfjr\AndroidUpdated\MainFunctions.cpp(42,103): warning C4244: 'argument': conversion from 'int' to 'float', possible loss of data
C:\Users\Android\Desktop\jfjfjfjr\AndroidUpdated\MainFunctions.cpp(42,61): warning C4244: 'argument': conversion from 'int' to 'float', possible loss of data
C:\Users\Android\Desktop\jfjfjfjr\AndroidUpdated\MainFunctions.cpp(42,50): warning C4244: 'argument': conversion from 'int' to 'float', possible loss of data
C:\Users\Android\Desktop\jfjfjfjr\AndroidUpdated\MainFunctions.cpp(42,47): warning C4244: 'argument': conversion from 'int' to 'float', possible loss of data
C:\Users\Android\Desktop\jfjfjfjr\AndroidUpdated\MainFunctions.cpp(42,215): warning C4244: 'argument': conversion from 'int' to 'float', possible loss of data
C:\Users\Android\Desktop\jfjfjfjr\AndroidUpdated\MainFunctions.cpp(42,184): warning C4244: 'argument': conversion from 'int' to 'float', possible loss of data
C:\Users\Android\Desktop\jfjfjfjr\AndroidUpdated\MainFunctions.cpp(42,162): warning C4244: 'argument': conversion from 'int' to 'float', possible loss of data
C:\Users\Android\Desktop\jfjfjfjr\AndroidUpdated\MainFunctions.cpp(42,159): warning C4244: 'argument': conversion from 'int' to 'float', possible loss of data
C:\Users\Android\Desktop\jfjfjfjr\AndroidUpdated\MainFunctions.cpp(43,111): warning C4244: 'argument': conversion from 'int' to 'float', possible loss of data
C:\Users\Android\Desktop\jfjfjfjr\AndroidUpdated\MainFunctions.cpp(43,80): warning C4244: 'argument': conversion from 'int' to 'float', possible loss of data
C:\Users\Android\Desktop\jfjfjfjr\AndroidUpdated\MainFunctions.cpp(43,75): warning C4244: 'argument': conversion from 'int' to 'float', possible loss of data
C:\Users\Android\Desktop\jfjfjfjr\AndroidUpdated\MainFunctions.cpp(43,62): warning C4244: 'argument': conversion from 'int' to 'float', possible loss of data
C:\Users\Android\Desktop\jfjfjfjr\AndroidUpdated\MainFunctions.cpp(43,231): warning C4244: 'argument': conversion from 'int' to 'float', possible loss of data
C:\Users\Android\Desktop\jfjfjfjr\AndroidUpdated\MainFunctions.cpp(43,187): warning C4244: 'argument': conversion from 'int' to 'float', possible loss of data
C:\Users\Android\Desktop\jfjfjfjr\AndroidUpdated\MainFunctions.cpp(43,174): warning C4244: 'argument': conversion from 'int' to 'float', possible loss of data
C:\Users\Android\Desktop\jfjfjfjr\AndroidUpdated\MainFunctions.cpp(43,169): warning C4244: 'argument': conversion from 'int' to 'float', possible loss of data
C:\Users\Android\Desktop\jfjfjfjr\AndroidUpdated\MainFunctions.cpp(44,111): warning C4244: 'argument': conversion from 'int' to 'float', possible loss of data
C:\Users\Android\Desktop\jfjfjfjr\AndroidUpdated\MainFunctions.cpp(44,78): warning C4244: 'argument': conversion from 'int' to 'float', possible loss of data
C:\Users\Android\Desktop\jfjfjfjr\AndroidUpdated\MainFunctions.cpp(44,73): warning C4244: 'argument': conversion from 'int' to 'float', possible loss of data
C:\Users\Android\Desktop\jfjfjfjr\AndroidUpdated\MainFunctions.cpp(44,47): warning C4244: 'argument': conversion from 'int' to 'float', possible loss of data
C:\Users\Android\Desktop\jfjfjfjr\AndroidUpdated\MainFunctions.cpp(44,231): warning C4244: 'argument': conversion from 'int' to 'float', possible loss of data
C:\Users\Android\Desktop\jfjfjfjr\AndroidUpdated\MainFunctions.cpp(44,198): warning C4244: 'argument': conversion from 'int' to 'float', possible loss of data
C:\Users\Android\Desktop\jfjfjfjr\AndroidUpdated\MainFunctions.cpp(44,172): warning C4244: 'argument': conversion from 'int' to 'float', possible loss of data
C:\Users\Android\Desktop\jfjfjfjr\AndroidUpdated\MainFunctions.cpp(44,167): warning C4244: 'argument': conversion from 'int' to 'float', possible loss of data
C:\Users\Android\Desktop\jfjfjfjr\AndroidUpdated\MainFunctions.cpp(45,119): warning C4244: 'argument': conversion from 'int' to 'float', possible loss of data
C:\Users\Android\Desktop\jfjfjfjr\AndroidUpdated\MainFunctions.cpp(45,86): warning C4244: 'argument': conversion from 'int' to 'float', possible loss of data
C:\Users\Android\Desktop\jfjfjfjr\AndroidUpdated\MainFunctions.cpp(45,79): warning C4244: 'argument': conversion from 'int' to 'float', possible loss of data
C:\Users\Android\Desktop\jfjfjfjr\AndroidUpdated\MainFunctions.cpp(45,64): warning C4244: 'argument': conversion from 'int' to 'float', possible loss of data
C:\Users\Android\Desktop\jfjfjfjr\AndroidUpdated\MainFunctions.cpp(45,247): warning C4244: 'argument': conversion from 'int' to 'float', possible loss of data
C:\Users\Android\Desktop\jfjfjfjr\AndroidUpdated\MainFunctions.cpp(45,214): warning C4244: 'argument': conversion from 'int' to 'float', possible loss of data
C:\Users\Android\Desktop\jfjfjfjr\AndroidUpdated\MainFunctions.cpp(45,207): warning C4244: 'argument': conversion from 'int' to 'float', possible loss of data
C:\Users\Android\Desktop\jfjfjfjr\AndroidUpdated\MainFunctions.cpp(45,177): warning C4244: 'argument': conversion from 'int' to 'float', possible loss of data
C:\Users\Android\Desktop\jfjfjfjr\AndroidUpdated\MainFunctions.cpp(49,156): warning C4244: 'argument': conversion from 'int' to 'float', possible loss of data
C:\Users\Android\Desktop\jfjfjfjr\AndroidUpdated\MainFunctions.cpp(384,23): warning C4244: 'initializing': conversion from 'double' to 'float', possible loss of data
C:\Users\Android\Desktop\jfjfjfjr\AndroidUpdated\MainFunctions.cpp(404,117): warning C4244: 'argument': conversion from 'float' to 'int', possible loss of data
C:\Users\Android\Desktop\jfjfjfjr\AndroidUpdated\MainFunctions.cpp(404,85): warning C4244: 'argument': conversion from 'float' to 'int', possible loss of data
C:\Users\Android\Desktop\jfjfjfjr\AndroidUpdated\MainFunctions.cpp(404,72): warning C4244: 'argument': conversion from 'float' to 'int', possible loss of data
C:\Users\Android\Desktop\jfjfjfjr\AndroidUpdated\MainFunctions.cpp(404,68): warning C4244: 'argument': conversion from 'float' to 'int', possible loss of data
C:\Users\Android\Desktop\jfjfjfjr\AndroidUpdated\MainFunctions.cpp(404,36): warning C4244: 'argument': conversion from 'float' to 'int', possible loss of data
C:\Users\Android\Desktop\jfjfjfjr\AndroidUpdated\MainFunctions.cpp(422,77): warning C4244: 'argument': conversion from 'float' to 'int', possible loss of data
C:\Users\Android\Desktop\jfjfjfjr\AndroidUpdated\MainFunctions.cpp(423,77): warning C4244: 'argument': conversion from 'float' to 'int', possible loss of data
C:\Users\Android\Desktop\jfjfjfjr\AndroidUpdated\MainFunctions.cpp(424,77): warning C4244: 'argument': conversion from 'float' to 'int', possible loss of data
C:\Users\Android\Desktop\jfjfjfjr\AndroidUpdated\MainFunctions.cpp(425,65): warning C4244: 'argument': conversion from 'float' to 'int', possible loss of data
C:\Users\Android\Desktop\jfjfjfjr\AndroidUpdated\MainFunctions.cpp(426,65): warning C4244: 'argument': conversion from 'float' to 'int', possible loss of data
C:\Users\Android\Desktop\jfjfjfjr\AndroidUpdated\MainFunctions.cpp(427,65): warning C4244: 'argument': conversion from 'float' to 'int', possible loss of data
C:\Users\Android\Desktop\jfjfjfjr\AndroidUpdated\MainFunctions.cpp(428,65): warning C4244: 'argument': conversion from 'float' to 'int', possible loss of data
  configs.cpp
  worker.cpp
C:\Users\Android\Desktop\jfjfjfjr\AndroidUpdated\worker.cpp(197,17): warning C4244: 'initializing': conversion from 'double' to 'float', possible loss of data
     Creating library ..\build\AndroidUpdated.lib and object ..\build\AndroidUpdated.exp
LINK : warning LNK4098: defaultlib 'LIBCMTD' conflicts with use of other libs; use /NODEFAULTLIB:library
  Generating code
  Previous IPDB not found, fall back to full compilation.
  All 1376 functions were compiled because no usable IPDB/IOBJ from previous compilation was found.
  Finished generating code
  AndroidUpdated.vcxproj -> C:\Users\Android\Desktop\jfjfjfjr\build\AndroidUpdated.dll
